# JRE version: Java(TM) SE Runtime Environment (8.0_181-b13) (build 1.8.0_181-b13)
# Java VM: Java HotSpot(TM) 64-Bit Server VM (25.181-b13 mixed mode windows-amd64 compressed oops)
Heap:
 PSYoungGen      total 76288K, used 20370K [0x000000076b380000, 0x0000000770880000, 0x00000007c0000000)
  eden space 65536K, 31% used [0x000000076b380000,0x000000076c764b88,0x000000076f380000)
  from space 10752K, 0% used [0x000000076fe00000,0x000000076fe00000,0x0000000770880000)
  to   space 10752K, 0% used [0x000000076f380000,0x000000076f380000,0x000000076fe00000)
 ParOldGen       total 115200K, used 6790K [0x00000006c1a00000, 0x00000006c8a80000, 0x000000076b380000)
  object space 115200K, 5% used [0x00000006c1a00000,0x00000006c20a1870,0x00000006c8a80000)
 Metaspace       used 23210K, capacity 23928K, committed 24112K, reserved 1071104K
  class space    used 2898K, capacity 3080K, committed 3120K, reserved 1048576K
GC Heap History (6 events):
Event: 1.579 GC heap before
{Heap before GC invocations=1 (full 0):
 PSYoungGen      total 76288K, used 65536K [0x000000076b380000, 0x0000000770880000, 0x00000007c0000000)
  eden space 65536K, 100% used [0x000000076b380000,0x000000076f380000,0x000000076f380000)
  from space 10752K, 0% used [0x000000076fe00000,0x000000076fe00000,0x0000000770880000)
  to   space 10752K, 0% used [0x000000076f380000,0x000000076f380000,0x000000076fe00000)
 ParOldGen       total 175104K, used 0K [0x00000006c1a00000, 0x00000006cc500000, 0x000000076b380000)
  object space 175104K, 0% used [0x00000006c1a00000,0x00000006c1a00000,0x00000006cc500000)
 Metaspace       used 17282K, capacity 17498K, committed 17920K, reserved 1064960K
  class space    used 2112K, capacity 2193K, committed 2304K, reserved 1048576K
Event: 1.587 GC heap after
Heap after GC invocations=1 (full 0):
 PSYoungGen      total 76288K, used 9912K [0x000000076b380000, 0x0000000770880000, 0x00000007c0000000)
  eden space 65536K, 0% used [0x000000076b380000,0x000000076b380000,0x000000076f380000)
  from space 10752K, 92% used [0x000000076f380000,0x000000076fd2e280,0x000000076fe00000)
  to   space 10752K, 0% used [0x000000076fe00000,0x000000076fe00000,0x0000000770880000)
 ParOldGen       total 175104K, used 80K [0x00000006c1a00000, 0x00000006cc500000, 0x000000076b380000)
  object space 175104K, 0% used [0x00000006c1a00000,0x00000006c1a14010,0x00000006cc500000)
 Metaspace       used 17282K, capacity 17498K, committed 17920K, reserved 1064960K
  class space    used 2112K, capacity 2193K, committed 2304K, reserved 1048576K
}
Event: 2.684 GC heap before
{Heap before GC invocations=2 (full 0):
 PSYoungGen      total 76288K, used 30273K [0x000000076b380000, 0x0000000770880000, 0x00000007c0000000)
  eden space 65536K, 31% used [0x000000076b380000,0x000000076c7622e8,0x000000076f380000)
  from space 10752K, 92% used [0x000000076f380000,0x000000076fd2e280,0x000000076fe00000)
  to   space 10752K, 0% used [0x000000076fe00000,0x000000076fe00000,0x0000000770880000)
 ParOldGen       total 175104K, used 80K [0x00000006c1a00000, 0x00000006cc500000, 0x000000076b380000)
  object space 175104K, 0% used [0x00000006c1a00000,0x00000006c1a14010,0x00000006cc500000)
 Metaspace       used 20589K, capacity 21240K, committed 21296K, reserved 1067008K
  class space    used 2613K, capacity 2826K, committed 2864K, reserved 1048576K
Event: 2.690 GC heap after
Heap after GC invocations=2 (full 0):
 PSYoungGen      total 76288K, used 6981K [0x000000076b380000, 0x0000000770880000, 0x00000007c0000000)
  eden space 65536K, 0% used [0x000000076b380000,0x000000076b380000,0x000000076f380000)
  from space 10752K, 64% used [0x000000076fe00000,0x00000007704d1480,0x0000000770880000)
  to   space 10752K, 0% used [0x000000076f380000,0x000000076f380000,0x000000076fe00000)
 ParOldGen       total 175104K, used 88K [0x00000006c1a00000, 0x00000006cc500000, 0x000000076b380000)
  object space 175104K, 0% used [0x00000006c1a00000,0x00000006c1a16010,0x00000006cc500000)
 Metaspace       used 20589K, capacity 21240K, committed 21296K, reserved 1067008K
  class space    used 2613K, capacity 2826K, committed 2864K, reserved 1048576K
}
Event: 2.690 GC heap before
{Heap before GC invocations=3 (full 1):
 PSYoungGen      total 76288K, used 6981K [0x000000076b380000, 0x0000000770880000, 0x00000007c0000000)
  eden space 65536K, 0% used [0x000000076b380000,0x000000076b380000,0x000000076f380000)
  from space 10752K, 64% used [0x000000076fe00000,0x00000007704d1480,0x0000000770880000)
  to   space 10752K, 0% used [0x000000076f380000,0x000000076f380000,0x000000076fe00000)
 ParOldGen       total 175104K, used 88K [0x00000006c1a00000, 0x00000006cc500000, 0x000000076b380000)
  object space 175104K, 0% used [0x00000006c1a00000,0x00000006c1a16010,0x00000006cc500000)
 Metaspace       used 20589K, capacity 21240K, committed 21296K, reserved 1067008K
  class space    used 2613K, capacity 2826K, committed 2864K, reserved 1048576K
Event: 2.714 GC heap after
Heap after GC invocations=3 (full 1):
 PSYoungGen      total 76288K, used 0K [0x000000076b380000, 0x0000000770880000, 0x00000007c0000000)
  eden space 65536K, 0% used [0x000000076b380000,0x000000076b380000,0x000000076f380000)
  from space 10752K, 0% used [0x000000076fe00000,0x000000076fe00000,0x0000000770880000)
  to   space 10752K, 0% used [0x000000076f380000,0x000000076f380000,0x000000076fe00000)
 ParOldGen       total 115200K, used 6790K [0x00000006c1a00000, 0x00000006c8a80000, 0x000000076b380000)
  object space 115200K, 5% used [0x00000006c1a00000,0x00000006c20a1870,0x00000006c8a80000)
 Metaspace       used 20589K, capacity 21240K, committed 21296K, reserved 1067008K
  class space    used 2613K, capacity 2826K, committed 2864K, reserved 1048576K
}

